[1928:12616:2019-6-24 12:55:6.198] Main Start
[1928:12616:2019-6-24 12:55:6.198] Command line:"D:\????? JS\FD3-Shmyga\ishop_bikes\pictures\highway2\Zoom_01fa50ce75f7763e.exe"  Instance:0x1330000 Show State:1
[1928:12616:2019-6-24 12:55:6.513] D:\
[1928:11848:2019-6-24 12:55:6.528] [process_requst] start, url:https://launcher.zoom.us/conf/pui
[1928:12616:2019-6-24 12:55:6.533] [client_has_installed_app] found path:
[1928:12616:2019-6-24 12:55:6.533]  ***NULL-POINTER-PLACEHOLDER***
[1928:12616:2019-6-24 12:55:6.535] [param_query_local_path] path is: C:\Users\alex\AppData\Roaming\Zoom\ZoomDownload\ dir create response : 1 system error: 1008
[1928:12616:2019-6-24 12:55:6.535] [downloader_run] State:0
[1928:10340:2019-6-24 12:55:6.536] [process_requst] start, url:https://launcher.zoom.us/upgrade?os=win
[1928:11848:2019-6-24 12:55:7.481] [req_state_read_status_code] zHttpQueryInfo complete, status:200
[1928:10340:2019-6-24 12:55:7.481] [req_state_read_status_code] zHttpQueryInfo complete, status:200
[1928:11848:2019-6-24 12:55:7.481] [req_state_read_status_code] zHttpQueryInfo complete, status:200 Error: 0
[1928:10340:2019-6-24 12:55:7.481] [req_state_read_status_code] zHttpQueryInfo complete, status:200 Error: 0
[1928:11848:2019-6-24 12:55:7.482] [log_response_content] Content length (1048576 as unknown):432 , Total read: 432 , Error No: 0 , Status code: 200
[1928:10340:2019-6-24 12:55:7.482] [log_response_content] Content length (1048576 as unknown):598 , Total read: 598 , Error No: 0 , Status code: 200
[1928:11848:2019-6-24 12:55:7.482] [log_response_content] header:
[1928:10340:2019-6-24 12:55:7.482] [log_response_content] header:
[1928:11848:2019-6-24 12:55:7.482] HTTP/1.1 200 OK
Date: Mon, 24 Jun 2019 09:55:09 GMT
Content-Type: text/plain;charset=UTF-8
Content-Length: 432
Connection: keep-alive
Server: ZOOM
x-zm-trackingid: WEB_40f6525a0b309b757cd0f9838aed524b
Set-Cookie: _zm_mtk_guid=4b6d6b64a87c40a4861dc3a79479038b; Domain=.zoom.us; Expires=Sat, 12-Jul-2087 13:09:16 GMT; Path=/; Secure
X-Content-Type-Options: nosniff
Set-Cookie: cred=B6C02780AEF009B5CAB54FD627E62FC8; Path=/; Secure; HttpOnly
Set-Cookie: _zm_page_auth=aw1_c_dpL5MZD-Qc2D07fc83e8og; Domain=.zoom.us; Path=/; Secure; HttpOnly
p3p: CP="NOI ADM DEV PSAi COM NAV OUR OTR STP IND DEM"
Set-Cookie: _zm_ssid=aw1_c_Zw2edTTFRHSS8l4g0eXBTw; Domain=.zoom.us; Path=/; Secure; HttpOnly
Cache-Control: no-cache, no-store
Expires: Thu, 01 Jan 1970 00:00:00 GMT
Pragma: no-cache
Strict-Transport-Security: max-age=31536000
X-XSS-Protection: 1; mode=block


[1928:10340:2019-6-24 12:55:7.482] HTTP/1.1 200 OK
Date: Mon, 24 Jun 2019 09:55:09 GMT
Content-Type: text/plain;charset=UTF-8
Content-Length: 598
Connection: keep-alive
Server: ZOOM
x-zm-trackingid: WEB_b4d292bbcb016c2d2e5355dc05d722ef
Set-Cookie: _zm_mtk_guid=1693c1c83b0f42ada7f37968d3673480; Domain=.zoom.us; Expires=Sat, 12-Jul-2087 13:09:16 GMT; Path=/; Secure
X-Content-Type-Options: nosniff
Set-Cookie: cred=958BB253903695BA387E9DC814A7E6FE; Path=/; Secure; HttpOnly
Set-Cookie: _zm_page_auth=aw1_c_ktRHXusUQ0W5XpR1KVgm1A; Domain=.zoom.us; Path=/; Secure; HttpOnly
p3p: CP="NOI ADM DEV PSAi COM NAV OUR OTR STP IND DEM"
Set-Cookie: _zm_ssid=aw1_c_MXvPe5VPSq2okxL0lfKRqw; Domain=.zoom.us; Path=/; Secure; HttpOnly
Strict-Transport-Security: max-age=31536000
X-XSS-Protection: 1; mode=block


[1928:10340:2019-6-24 12:55:7.482] [process_requst] End for url:https://launcher.zoom.us/upgrade?os=win, return code:200, Error:0, Response content size:598
[1928:11848:2019-6-24 12:55:7.482] [process_requst] End for url:https://launcher.zoom.us/conf/pui, return code:200, Error:0, Response content size:432
[1928:12616:2019-6-24 12:55:7.514] [handle_download_job_done] Index: 0 Curr index: 0 StatusCode: 200 Error: 0 Response: 
[1928:12616:2019-6-24 12:55:7.514] Check-sum=29b16a6a5a546703b162021269a703bf;VCRed-sum=5689d43c3b201dd3810fa3bba4a6476a;fullmsi-sum=59846e6c0aae2a86c0e20b15325fba3b;fullcab-sum=1cc3c55a911bf49c7ef0d943d5e6f076;fullsip-sum=e84c86b6ac990720a444cad927496a92;Installer-sum=057605adbf0b3b37e1a1c1a05f240fa6;Update-Option=1;Current-version=4.1.34814.1119;Download-root=https://launcher.zoom.us/client;Package-url=https://launcher.zoom.us/client/4.1.34814.1119/Zoom.msi?t=atupg;Package-name=Zoom.msi;Installer-name=Installer.exe;ahcab-name=Airhost.CAB;sipcab-name=Sipcall.CAB;codesnippet-name=codesnippet_win.zip;fullcab-name=ZoomFull.CAB;
[1928:10340:2019-6-24 12:55:7.515] [process_requst] start, url:https://launcher.zoom.us/client/4.1.34814.1119/Installer.exe?t=atupg
[1928:12616:2019-6-24 12:55:7.516] [client_has_installed_app] found path:
[1928:12616:2019-6-24 12:55:7.517]  ***NULL-POINTER-PLACEHOLDER***
[1928:10340:2019-6-24 12:55:8.629] [req_state_read_status_code] zHttpQueryInfo complete, status:200
[1928:10340:2019-6-24 12:55:8.629] [req_state_read_status_code] zHttpQueryInfo complete, status:200 Error: 0
[1928:10340:2019-6-24 12:55:8.805] [read_response_file] Status Code:200, content length: 797016, total read: 797016, error code: 0
[1928:10340:2019-6-24 12:55:8.914] [process_requst] End for url:https://launcher.zoom.us/client/4.1.34814.1119/Installer.exe?t=atupg, return code:200, Error:0, Response content size:0
[1928:12616:2019-6-24 12:55:8.949] [handle_download_job_done] Index: 1 Curr index: 1 StatusCode: 200 Error: 0 Response is Empty. 
[1928:10340:2019-6-24 12:55:9.178] [process_requst] start, url:https://launcher.zoom.us/client/4.1.34814.1119/Zoom.msi?t=atupg
[1928:10340:2019-6-24 12:55:9.624] [req_state_read_status_code] zHttpQueryInfo complete, status:200
[1928:10340:2019-6-24 12:55:9.625] [req_state_read_status_code] zHttpQueryInfo complete, status:200 Error: 0
[1928:10340:2019-6-24 12:55:11.291] [read_response_file] Status Code:200, content length: 9493665, total read: 9493665, error code: 0
[1928:10340:2019-6-24 12:55:11.709] [process_requst] End for url:https://launcher.zoom.us/client/4.1.34814.1119/Zoom.msi?t=atupg, return code:200, Error:0, Response content size:0
[1928:12616:2019-6-24 12:55:11.762] [handle_download_job_done] Index: 2 Curr index: 2 StatusCode: 200 Error: 0 Response is Empty. 
[1928:12616:2019-6-24 12:55:11.802] C:\Users\alex\AppData\Roaming\Zoom\ZoomDownload\Installer.exe
[1928:12616:2019-6-24 12:55:11.802] ZInstaller --conf.mode=silent --ipc_wnd=2098150
[1928:12616:2019-6-24 12:55:12.949] [launch_silent_install] Installer process created, result:42
[1928:12616:2019-6-24 12:55:32.90] C:\Users\alex\AppData\Roaming\Zoom\bin\Zoom.exe
[1928:12616:2019-6-24 12:55:32.113] client_launch_app: 
[1928:12616:2019-6-24 12:55:32.113] C:\Users\alex\AppData\Roaming\Zoom\bin\Zoom.exe
[1928:12616:2019-6-24 12:55:32.113] "--url=zoommtg://win.launch?action=join&browser=chrome&confid=dXNzPTJhODRlZTM5LlRBdHFnZ1ByTTBaNmpvcmlvZmF0NndneDBpNDl2YXZTRWswclBRcElGcTFHVmlPdnA1RURDd1lONEoxN1ZFcWlNQWlMbGItMWxBSldoVmUxdEhpRUpnJnRpZD1lYTdiODA3ODRmZDE0ZjhiOTNhNTg1YjAyYTlmNDgxZQ%3D%3D&confno=397486276&mcv=0.92.11227.0929&zc=0"
[1928:12616:2019-6-24 12:55:32.485] [client_launch_app] Zoom app process created, result:42
[1928:12616:2019-6-24 12:55:32.776] Main End
